\BOOKMARK [1][-]{section.1}{\376\377\000I\000n\000t\000r\000o\000d\000u\000c\000t\000i\000o\000n}{}% 1
\BOOKMARK [2][-]{subsection.1.1}{\376\377\000C\000o\000n\000t\000r\000i\000b\000u\000t\000i\000o\000n\000s}{section.1}% 2
\BOOKMARK [1][-]{section.2}{\376\377\000R\000e\000l\000a\000t\000e\000d\000\040\000W\000o\000r\000k}{}% 3
\BOOKMARK [2][-]{subsection.2.1}{\376\377\000P\000h\000y\000s\000i\000c\000s\000-\000B\000a\000s\000e\000d\000\040\000O\000r\000b\000i\000t\000\040\000P\000r\000e\000d\000i\000c\000t\000i\000o\000n}{section.2}% 4
\BOOKMARK [2][-]{subsection.2.2}{\376\377\000M\000a\000c\000h\000i\000n\000e\000\040\000L\000e\000a\000r\000n\000i\000n\000g\000\040\000f\000o\000r\000\040\000O\000r\000b\000i\000t\000\040\000P\000r\000e\000d\000i\000c\000t\000i\000o\000n}{section.2}% 5
\BOOKMARK [2][-]{subsection.2.3}{\376\377\000S\000o\000l\000a\000r\000\040\000W\000i\000n\000d\000\040\000a\000n\000d\000\040\000G\000e\000o\000m\000a\000g\000n\000e\000t\000i\000c\000\040\000A\000c\000t\000i\000v\000i\000t\000y}{section.2}% 6
\BOOKMARK [1][-]{section.3}{\376\377\000D\000a\000t\000a}{}% 7
\BOOKMARK [2][-]{subsection.3.1}{\376\377\000S\000p\000a\000c\000e\000c\000r\000a\000f\000t\000\040\000P\000o\000s\000i\000t\000i\000o\000n\000\040\000D\000a\000t\000a}{section.3}% 8
\BOOKMARK [2][-]{subsection.3.2}{\376\377\000S\000o\000l\000a\000r\000\040\000W\000i\000n\000d\000\040\000D\000a\000t\000a}{section.3}% 9
\BOOKMARK [2][-]{subsection.3.3}{\376\377\000D\000a\000t\000a\000\040\000P\000r\000e\000p\000r\000o\000c\000e\000s\000s\000i\000n\000g}{section.3}% 10
\BOOKMARK [1][-]{section.4}{\376\377\000M\000e\000t\000h\000o\000d\000s}{}% 11
\BOOKMARK [2][-]{subsection.4.1}{\376\377\000P\000r\000o\000b\000l\000e\000m\000\040\000F\000o\000r\000m\000u\000l\000a\000t\000i\000o\000n}{section.4}% 12
\BOOKMARK [2][-]{subsection.4.2}{\376\377\000B\000i\000d\000i\000r\000e\000c\000t\000i\000o\000n\000a\000l\000\040\000L\000S\000T\000M}{section.4}% 13
\BOOKMARK [2][-]{subsection.4.3}{\376\377\000T\000r\000a\000n\000s\000f\000o\000r\000m\000e\000r\000\040\000E\000n\000c\000o\000d\000e\000r}{section.4}% 14
\BOOKMARK [2][-]{subsection.4.4}{\376\377\000R\000e\000s\000i\000d\000u\000a\000l\000\040\000G\000a\000t\000e\000d\000\040\000M\000u\000l\000t\000i\000-\000M\000o\000d\000a\000l\000\040\000F\000u\000s\000i\000o\000n}{section.4}% 15
\BOOKMARK [1][-]{section.5}{\376\377\000E\000x\000p\000e\000r\000i\000m\000e\000n\000t\000s}{}% 16
\BOOKMARK [2][-]{subsection.5.1}{\376\377\000E\000x\000p\000e\000r\000i\000m\000e\000n\000t\000a\000l\000\040\000S\000e\000t\000u\000p}{section.5}% 17
\BOOKMARK [2][-]{subsection.5.2}{\376\377\000E\000v\000a\000l\000u\000a\000t\000i\000o\000n\000\040\000M\000e\000t\000r\000i\000c\000s}{section.5}% 18
\BOOKMARK [1][-]{section.6}{\376\377\000R\000e\000s\000u\000l\000t\000s}{}% 19
\BOOKMARK [2][-]{subsection.6.1}{\376\377\000O\000v\000e\000r\000a\000l\000l\000\040\000P\000e\000r\000f\000o\000r\000m\000a\000n\000c\000e}{section.6}% 20
\BOOKMARK [2][-]{subsection.6.2}{\376\377\000M\000u\000l\000t\000i\000-\000M\000o\000d\000a\000l\000\040\000A\000r\000c\000h\000i\000t\000e\000c\000t\000u\000r\000e\000\040\000E\000v\000o\000l\000u\000t\000i\000o\000n}{section.6}% 21
\BOOKMARK [2][-]{subsection.6.3}{\376\377\000O\000r\000b\000i\000t\000\040\000R\000e\000g\000i\000m\000e\000\040\000A\000n\000a\000l\000y\000s\000i\000s}{section.6}% 22
\BOOKMARK [2][-]{subsection.6.4}{\376\377\000S\000t\000o\000r\000m\000-\000C\000o\000n\000d\000i\000t\000i\000o\000n\000e\000d\000\040\000E\000v\000a\000l\000u\000a\000t\000i\000o\000n}{section.6}% 23
\BOOKMARK [2][-]{subsection.6.5}{\376\377\000P\000r\000e\000d\000i\000c\000t\000i\000o\000n\000\040\000H\000o\000r\000i\000z\000o\000n\000\040\000A\000n\000a\000l\000y\000s\000i\000s}{section.6}% 24
\BOOKMARK [2][-]{subsection.6.6}{\376\377\000A\000b\000l\000a\000t\000i\000o\000n\000\040\000S\000t\000u\000d\000i\000e\000s}{section.6}% 25
\BOOKMARK [1][-]{section.7}{\376\377\000D\000i\000s\000c\000u\000s\000s\000i\000o\000n}{}% 26
\BOOKMARK [2][-]{subsection.7.1}{\376\377\000W\000h\000y\000\040\000L\000S\000T\000M\000\040\000O\000u\000t\000p\000e\000r\000f\000o\000r\000m\000s\000\040\000T\000r\000a\000n\000s\000f\000o\000r\000m\000e\000r\000s}{section.7}% 27
\BOOKMARK [2][-]{subsection.7.2}{\376\377\000L\000i\000m\000i\000t\000a\000t\000i\000o\000n\000s}{section.7}% 28
\BOOKMARK [2][-]{subsection.7.3}{\376\377\000I\000m\000p\000l\000i\000c\000a\000t\000i\000o\000n\000s}{section.7}% 29
\BOOKMARK [1][-]{section.8}{\376\377\000C\000o\000n\000c\000l\000u\000s\000i\000o\000n}{}% 30
